<?xml version="1.0" encoding="UTF-8"?>
<!-- Generated by org.testng.reporters.JUnitXMLReporter -->
<testsuite ignored="0" hostname="DESKTOP-R5R7T0T" failures="0" tests="3" name="Default test" time="19.911" errors="0" timestamp="2021-11-11T10:11:02 IST">
  <testcase classname="Sixth.Oct17_DataProvider" name="init1" time="2.041"/>
  <testcase classname="Sixth.Oct17_DataProvider" name="f" time="9.74"/>
  <testcase classname="Sixth.Oct17_DataProvider" name="f" time="8.032"/>
</testsuite> <!-- Default test -->
