<?xml version="1.0" encoding="UTF-8"?>
<testng-results ignored="0" total="3" passed="3" failed="0" skipped="0">
  <reporter-output>
    <line>
      <![CDATA[Get started]]>
    </line>
    <line>
      <![CDATA[Test Get Started]]>
    </line>
    <line>
      <![CDATA[Get successed]]>
    </line>
    <line>
      <![CDATA[Test Get Started]]>
    </line>
    <line>
      <![CDATA[Get successed]]>
    </line>
    <line>
      <![CDATA[Test Get Started]]>
    </line>
    <line>
      <![CDATA[Get successed]]>
    </line>
  </reporter-output>
  <suite started-at="2022-01-10T19:10:39 IST" name="Suite" finished-at="2022-01-10T19:11:17 IST" duration-ms="38227">
    <groups>
    </groups>
    <test started-at="2022-01-10T19:10:39 IST" name="Test" finished-at="2022-01-10T19:11:17 IST" duration-ms="38227">
      <class name="Sixth.Oct17_DataProvider">
        <test-method signature="init1()[pri:0, instance:Sixth.Oct17_DataProvider@2ea227af]" started-at="2022-01-10T19:10:39 IST" name="init1" finished-at="2022-01-10T19:10:44 IST" duration-ms="5561" status="PASS">
          <reporter-output>
            <line>
              <![CDATA[Test Get Started]]>
            </line>
            <line>
              <![CDATA[Get successed]]>
            </line>
          </reporter-output>
        </test-method> <!-- init1 -->
        <test-method signature="f(java.lang.Integer,java.lang.String)[pri:0, instance:Sixth.Oct17_DataProvider@2ea227af]" started-at="2022-01-10T19:10:44 IST" name="f" data-provider="dp" finished-at="2022-01-10T19:11:01 IST" depends-on-methods="Sixth.Oct17_DataProvider.init1" duration-ms="16574" status="PASS">
          <params>
            <param index="0">
              <value>
                <![CDATA[1]]>
              </value>
            </param>
            <param index="1">
              <value>
                <![CDATA[Selenium]]>
              </value>
            </param>
          </params>
          <reporter-output>
            <line>
              <![CDATA[Test Get Started]]>
            </line>
            <line>
              <![CDATA[Get successed]]>
            </line>
          </reporter-output>
        </test-method> <!-- f -->
        <test-method signature="f(java.lang.Integer,java.lang.String)[pri:0, instance:Sixth.Oct17_DataProvider@2ea227af]" started-at="2022-01-10T19:11:01 IST" name="f" data-provider="dp" finished-at="2022-01-10T19:11:17 IST" depends-on-methods="Sixth.Oct17_DataProvider.init1" duration-ms="15958" status="PASS">
          <params>
            <param index="0">
              <value>
                <![CDATA[2]]>
              </value>
            </param>
            <param index="1">
              <value>
                <![CDATA[ibm]]>
              </value>
            </param>
          </params>
          <reporter-output>
            <line>
              <![CDATA[Test Get Started]]>
            </line>
            <line>
              <![CDATA[Get successed]]>
            </line>
          </reporter-output>
        </test-method> <!-- f -->
      </class> <!-- Sixth.Oct17_DataProvider -->
    </test> <!-- Test -->
  </suite> <!-- Suite -->
</testng-results>
